<?xml version="1.0" encoding="UTF-8"?>
<!-- Generated by org.testng.reporters.JUnitReportReporter -->
<testsuite skipped="0" hostname="Dell" name="test.Testt" tests="1" failures="0" timestamp="27 Mar 2019 05:30:22 GMT" time="0.015" errors="0">
  <testcase name="run" time="0.015" classname="test.Testt"/>
</testsuite> <!-- test.Testt -->
